#
# There is insufficient memory for the Java Runtime Environment to continue.
# Native memory allocation (malloc) failed to allocate 1202816 bytes. Error detail: Chunk::new
# Possible reasons:
#   The system is out of physical RAM or swap space
#   This process is running with CompressedOops enabled, and the Java Heap may be blocking the growth of the native heap
# Possible solutions:
#   Reduce memory load on the system
#   Increase physical memory or swap space
#   Check if swap backing store is full
#   Decrease Java heap size (-Xmx/-Xms)
#   Decrease number of Java threads
#   Decrease Java thread stack sizes (-Xss)
#   Set larger code cache with -XX:ReservedCodeCacheSize=
#   JVM is running with Unscaled Compressed Oops mode in which the Java heap is
#     placed in the first 4GB address space. The Java Heap base address is the
#     maximum limit for the native heap growth. Please use -XX:HeapBaseMinAddress
#     to set the Java Heap base and to place the Java Heap above 4GB virtual address.
# This output file may be truncated or incomplete.
#
#  Out of Memory Error (arena.cpp:191), pid=13636, tid=13868
#
# JRE version: OpenJDK Runtime Environment (17.0.11) (build 17.0.11+0--11852314)
# Java VM: OpenJDK 64-Bit Server VM (17.0.11+0--11852314, mixed mode, tiered, compressed oops, compressed class ptrs, g1 gc, windows-amd64)
# No core dump will be written. Minidumps are not enabled by default on client versions of Windows
#

---------------  S U M M A R Y ------------

Command Line: --add-opens=java.base/java.util=ALL-UNNAMED --add-opens=java.base/java.lang=ALL-UNNAMED --add-opens=java.base/java.lang.invoke=ALL-UNNAMED --add-opens=java.prefs/java.util.prefs=ALL-UNNAMED --add-opens=java.base/java.nio.charset=ALL-UNNAMED --add-opens=java.base/java.net=ALL-UNNAMED --add-opens=java.base/java.util.concurrent.atomic=ALL-UNNAMED -Xmx2048m -Dfile.encoding=UTF-8 -Duser.country=US -Duser.language=en -Duser.variant -javaagent:C:\Users\GAMER\.gradle\wrapper\dists\gradle-8.7-bin\bhs2wmbdwecv87pi65oeuq5iu\gradle-8.7\lib\agents\gradle-instrumentation-agent-8.7.jar org.gradle.launcher.daemon.bootstrap.GradleDaemon 8.7

Host: Intel(R) Core(TM) i5-6400 CPU @ 2.70GHz, 4 cores, 15G,  Windows 10 , 64 bit Build 19041 (10.0.19041.4957)
Time: Tue Oct 22 06:38:29 2024 SE Asia Standard Time elapsed time: 11.042605 seconds (0d 0h 0m 11s)

---------------  T H R E A D  ---------------

Current thread (0x000002994e4f68e0):  JavaThread "C2 CompilerThread0" daemon [_thread_in_native, id=13868, stack(0x0000009a5b000000,0x0000009a5b100000)]


Current CompileTask:
C2:  11043 7701 %     4       org.gradle.internal.instantiation.generator.AbstractClassGenerator::inspectType @ 250 (560 bytes)

Stack: [0x0000009a5b000000,0x0000009a5b100000]
Native frames: (J=compiled Java code, j=interpreted, Vv=VM code, C=native code)
V  [jvm.dll+0x687bb9]
V  [jvm.dll+0x84142a]
V  [jvm.dll+0x8430ae]
V  [jvm.dll+0x843713]
V  [jvm.dll+0x24a35f]
V  [jvm.dll+0xac544]
V  [jvm.dll+0xacb8c]
V  [jvm.dll+0x2b194f]
V  [jvm.dll+0x58eba7]
V  [jvm.dll+0x2247e2]
V  [jvm.dll+0x224bdf]
V  [jvm.dll+0x21dd00]
V  [jvm.dll+0x21b201]
V  [jvm.dll+0x1a63ed]
V  [jvm.dll+0x22b1ee]
V  [jvm.dll+0x229375]
V  [jvm.dll+0x7f5647]
V  [jvm.dll+0x7efa4a]
V  [jvm.dll+0x686a35]
C  [ucrtbase.dll+0x21bb2]
C  [KERNEL32.DLL+0x17374]
C  [ntdll.dll+0x4cc91]


---------------  P R O C E S S  ---------------

Threads class SMR info:
_java_thread_list=0x0000029958967090, length=42, elements={
0x0000029934d2fab0, 0x000002994e4c7260, 0x000002994e4c8270, 0x000002994e4b3dd0,
0x000002994e4b47a0, 0x000002994e4f5410, 0x000002994e4f5ce0, 0x000002994e4f68e0,
0x000002994e562090, 0x000002994e565500, 0x000002994e589160, 0x000002994e757330,
0x0000029954a52990, 0x000002995445d940, 0x000002995500b9c0, 0x000002995448c020,
0x0000029954293ab0, 0x0000029954294360, 0x0000029954e15720, 0x0000029955032480,
0x0000029955031a60, 0x00000299550333b0, 0x00000299550342e0, 0x0000029955032ea0,
0x00000299550338c0, 0x0000029955033dd0, 0x0000029955031f70, 0x00000299550347f0,
0x0000029955031040, 0x0000029955031550, 0x0000029954e2d340, 0x0000029954e2dd60,
0x0000029954e2fbc0, 0x0000029954e2afd0, 0x0000029954e31000, 0x0000029954e2c920,
0x0000029954e2a5b0, 0x0000029954e2b9f0, 0x0000029954e2ec90, 0x0000029954e31510,
0x0000029954e300d0, 0x0000029957648010
}

Java Threads: ( => current thread )
  0x0000029934d2fab0 JavaThread "main" [_thread_blocked, id=13828, stack(0x0000009a5a300000,0x0000009a5a400000)]
  0x000002994e4c7260 JavaThread "Reference Handler" daemon [_thread_blocked, id=13132, stack(0x0000009a5aa00000,0x0000009a5ab00000)]
  0x000002994e4c8270 JavaThread "Finalizer" daemon [_thread_blocked, id=14244, stack(0x0000009a5ab00000,0x0000009a5ac00000)]
  0x000002994e4b3dd0 JavaThread "Signal Dispatcher" daemon [_thread_blocked, id=6772, stack(0x0000009a5ac00000,0x0000009a5ad00000)]
  0x000002994e4b47a0 JavaThread "Attach Listener" daemon [_thread_blocked, id=13228, stack(0x0000009a5ad00000,0x0000009a5ae00000)]
  0x000002994e4f5410 JavaThread "Service Thread" daemon [_thread_blocked, id=7192, stack(0x0000009a5ae00000,0x0000009a5af00000)]
  0x000002994e4f5ce0 JavaThread "Monitor Deflation Thread" daemon [_thread_blocked, id=13668, stack(0x0000009a5af00000,0x0000009a5b000000)]
=>0x000002994e4f68e0 JavaThread "C2 CompilerThread0" daemon [_thread_in_native, id=13868, stack(0x0000009a5b000000,0x0000009a5b100000)]
  0x000002994e562090 JavaThread "C1 CompilerThread0" daemon [_thread_blocked, id=2320, stack(0x0000009a5b100000,0x0000009a5b200000)]
  0x000002994e565500 JavaThread "Sweeper thread" daemon [_thread_blocked, id=8908, stack(0x0000009a5b200000,0x0000009a5b300000)]
  0x000002994e589160 JavaThread "Common-Cleaner" daemon [_thread_blocked, id=684, stack(0x0000009a5b300000,0x0000009a5b400000)]
  0x000002994e757330 JavaThread "Notification Thread" daemon [_thread_blocked, id=4108, stack(0x0000009a5b400000,0x0000009a5b500000)]
  0x0000029954a52990 JavaThread "Daemon health stats" [_thread_blocked, id=13556, stack(0x0000009a5ba00000,0x0000009a5bb00000)]
  0x000002995445d940 JavaThread "Incoming local TCP Connector on port 60977" [_thread_in_native, id=9948, stack(0x0000009a5bb00000,0x0000009a5bc00000)]
  0x000002995500b9c0 JavaThread "Daemon periodic checks" [_thread_blocked, id=14312, stack(0x0000009a5bc00000,0x0000009a5bd00000)]
  0x000002995448c020 JavaThread "Daemon" [_thread_blocked, id=3464, stack(0x0000009a5bd00000,0x0000009a5be00000)]
  0x0000029954293ab0 JavaThread "Handler for socket connection from /127.0.0.1:60977 to /127.0.0.1:60978" [_thread_in_native, id=11388, stack(0x0000009a5be00000,0x0000009a5bf00000)]
  0x0000029954294360 JavaThread "Cancel handler" [_thread_blocked, id=13436, stack(0x0000009a5bf00000,0x0000009a5c000000)]
  0x0000029954e15720 JavaThread "Daemon worker" [_thread_in_vm, id=10676, stack(0x0000009a5c000000,0x0000009a5c100000)]
  0x0000029955032480 JavaThread "Asynchronous log dispatcher for DefaultDaemonConnection: socket connection from /127.0.0.1:60977 to /127.0.0.1:60978" [_thread_blocked, id=12596, stack(0x0000009a5c100000,0x0000009a5c200000)]
  0x0000029955031a60 JavaThread "Stdin handler" [_thread_blocked, id=13672, stack(0x0000009a5c200000,0x0000009a5c300000)]
  0x00000299550333b0 JavaThread "Daemon client event forwarder" [_thread_blocked, id=10952, stack(0x0000009a5c300000,0x0000009a5c400000)]
  0x00000299550342e0 JavaThread "Cache worker for journal cache (C:\Users\GAMER\.gradle\caches\journal-1)" [_thread_blocked, id=12256, stack(0x0000009a5c400000,0x0000009a5c500000)]
  0x0000029955032ea0 JavaThread "File lock request listener" [_thread_in_native, id=13696, stack(0x0000009a5c500000,0x0000009a5c600000)]
  0x00000299550338c0 JavaThread "Cache worker for file hash cache (C:\Users\GAMER\.gradle\caches\8.7\fileHashes)" [_thread_blocked, id=1456, stack(0x0000009a5c600000,0x0000009a5c700000)]
  0x0000029955033dd0 JavaThread "Cache worker for file hash cache (C:\Users\GAMER\AndroidStudioProjects\Praktikum1\.gradle\8.7\fileHashes)" [_thread_blocked, id=13460, stack(0x0000009a5c700000,0x0000009a5c800000)]
  0x0000029955031f70 JavaThread "File watcher server" daemon [_thread_in_native, id=11420, stack(0x0000009a5c800000,0x0000009a5c900000)]
  0x00000299550347f0 JavaThread "File watcher consumer" daemon [_thread_blocked, id=7008, stack(0x0000009a5c900000,0x0000009a5ca00000)]
  0x0000029955031040 JavaThread "Cache worker for checksums cache (C:\Users\GAMER\AndroidStudioProjects\Praktikum1\.gradle\8.7\checksums)" [_thread_blocked, id=13216, stack(0x0000009a5ca00000,0x0000009a5cb00000)]
  0x0000029955031550 JavaThread "Cache worker for cache directory md-supplier (C:\Users\GAMER\.gradle\caches\8.7\md-supplier)" [_thread_blocked, id=9524, stack(0x0000009a5cb00000,0x0000009a5cc00000)]
  0x0000029954e2d340 JavaThread "Cache worker for cache directory md-rule (C:\Users\GAMER\.gradle\caches\8.7\md-rule)" [_thread_blocked, id=12772, stack(0x0000009a5cc00000,0x0000009a5cd00000)]
  0x0000029954e2dd60 JavaThread "Cache worker for file content cache (C:\Users\GAMER\.gradle\caches\8.7\fileContent)" [_thread_blocked, id=7736, stack(0x0000009a5cd00000,0x0000009a5ce00000)]
  0x0000029954e2fbc0 JavaThread "Cache worker for Build Output Cleanup Cache (C:\Users\GAMER\AndroidStudioProjects\Praktikum1\.gradle\buildOutputCleanup)" [_thread_blocked, id=9096, stack(0x0000009a5cf00000,0x0000009a5d000000)]
  0x0000029954e2afd0 JavaThread "Unconstrained build operations" [_thread_blocked, id=14260, stack(0x0000009a5d000000,0x0000009a5d100000)]
  0x0000029954e31000 JavaThread "Unconstrained build operations Thread 2" [_thread_blocked, id=10204, stack(0x0000009a5d100000,0x0000009a5d200000)]
  0x0000029954e2c920 JavaThread "Unconstrained build operations Thread 3" [_thread_blocked, id=12260, stack(0x0000009a5d200000,0x0000009a5d300000)]
  0x0000029954e2a5b0 JavaThread "Unconstrained build operations Thread 4" [_thread_blocked, id=3204, stack(0x0000009a5d300000,0x0000009a5d400000)]
  0x0000029954e2b9f0 JavaThread "Unconstrained build operations Thread 5" [_thread_blocked, id=9240, stack(0x0000009a5d400000,0x0000009a5d500000)]
  0x0000029954e2ec90 JavaThread "Unconstrained build operations Thread 6" [_thread_blocked, id=10932, stack(0x0000009a5d500000,0x0000009a5d600000)]
  0x0000029954e31510 JavaThread "build event listener" [_thread_blocked, id=4344, stack(0x0000009a5d600000,0x0000009a5d700000)]
  0x0000029954e300d0 JavaThread "Memory manager" [_thread_blocked, id=9032, stack(0x0000009a5b600000,0x0000009a5b700000)]
  0x0000029957648010 JavaThread "C2 CompilerThread1" daemon [_thread_in_native, id=12120, stack(0x0000009a5d700000,0x0000009a5d800000)]

Other Threads:
  0x000002994e318140 VMThread "VM Thread" [stack: 0x0000009a5a900000,0x0000009a5aa00000] [id=13128]
  0x000002994e757810 WatcherThread [stack: 0x0000009a5b500000,0x0000009a5b600000] [id=8416]
  0x0000029934d8afb0 GCTaskThread "GC Thread#0" [stack: 0x0000009a5a400000,0x0000009a5a500000] [id=13724]
  0x000002995321bb90 GCTaskThread "GC Thread#1" [stack: 0x0000009a5b700000,0x0000009a5b800000] [id=3000]
  0x00000299531aac50 GCTaskThread "GC Thread#2" [stack: 0x0000009a5b800000,0x0000009a5b900000] [id=5948]
  0x00000299531aaf10 GCTaskThread "GC Thread#3" [stack: 0x0000009a5b900000,0x0000009a5ba00000] [id=1656]
  0x0000029934d9be10 ConcurrentGCThread "G1 Main Marker" [stack: 0x0000009a5a500000,0x0000009a5a600000] [id=1768]
  0x0000029934d9c740 ConcurrentGCThread "G1 Conc#0" [stack: 0x0000009a5a600000,0x0000009a5a700000] [id=14224]
  0x0000029934dee9b0 ConcurrentGCThread "G1 Refine#0" [stack: 0x0000009a5a700000,0x0000009a5a800000] [id=11160]
  0x000002995727c030 ConcurrentGCThread "G1 Refine#1" [stack: 0x0000009a5ce00000,0x0000009a5cf00000] [id=14264]
  0x000002994e1cc5a0 ConcurrentGCThread "G1 Service" [stack: 0x0000009a5a800000,0x0000009a5a900000] [id=10976]

Threads with active compile tasks:
C2 CompilerThread0    11097 7701 %     4       org.gradle.internal.instantiation.generator.AbstractClassGenerator::inspectType @ 250 (560 bytes)
C2 CompilerThread1    11097 7769       4       sun.reflect.generics.parser.SignatureParser::parsePackageNameAndSimpleClassTypeSignature (119 bytes)

VM state: not at safepoint (normal execution)

VM Mutex/Monitor currently owned by a thread:  ([mutex/lock_event])
[0x0000029934d1d090] Metaspace_lock - owner thread: 0x0000029954e15720

Heap address: 0x0000000080000000, size: 2048 MB, Compressed Oops mode: 32-bit

CDS archive(s) not mapped
Compressed class space mapped at: 0x0000000100000000-0x0000000140000000, reserved size: 1073741824
Narrow klass base: 0x0000000000000000, Narrow klass shift: 3, Narrow klass range: 0x140000000

GC Precious Log:
 CPUs: 4 total, 4 available
 Memory: 16327M
 Large Page Support: Disabled
 NUMA Support: Disabled
 Compressed Oops: Enabled (32-bit)
 Heap Region Size: 1M
 Heap Min Capacity: 8M
 Heap Initial Capacity: 256M
 Heap Max Capacity: 2G
 Pre-touch: Disabled
 Parallel Workers: 4
 Concurrent Workers: 1
 Concurrent Refinement Workers: 4
 Periodic GC: Disabled

Heap:
 garbage-first heap   total 128000K, used 75363K [0x0000000080000000, 0x0000000100000000)
  region size 1024K, 8 young (8192K), 2 survivors (2048K)
 Metaspace       used 70215K, committed 70784K, reserved 1114112K
  class space    used 9517K, committed 9792K, reserved 1048576K

Heap Regions: E=young(eden), S=young(survivor), O=old, HS=humongous(starts), HC=humongous(continues), CS=collection set, F=free, OA=open archive, CA=closed archive, TAMS=top-at-mark-start (previous, next)
|   0|0x0000000080000000, 0x0000000080100000, 0x0000000080100000|100%| O|  |TAMS 0x0000000080100000, 0x0000000080000000| Untracked 
|   1|0x0000000080100000, 0x0000000080200000, 0x0000000080200000|100%|HS|  |TAMS 0x0000000080200000, 0x0000000080100000| Complete 
|   2|0x0000000080200000, 0x0000000080300000, 0x0000000080300000|100%|HC|  |TAMS 0x0000000080300000, 0x0000000080200000| Complete 
|   3|0x0000000080300000, 0x0000000080400000, 0x0000000080400000|100%|HC|  |TAMS 0x0000000080400000, 0x0000000080300000| Complete 
|   4|0x0000000080400000, 0x0000000080500000, 0x0000000080500000|100%|HC|  |TAMS 0x0000000080500000, 0x0000000080400000| Complete 
|   5|0x0000000080500000, 0x0000000080600000, 0x0000000080600000|100%| O|  |TAMS 0x0000000080600000, 0x0000000080500000| Untracked 
|   6|0x0000000080600000, 0x0000000080600000, 0x0000000080700000|  0%| F|  |TAMS 0x0000000080600000, 0x0000000080600000| Untracked 
|   7|0x0000000080700000, 0x0000000080800000, 0x0000000080800000|100%| O|  |TAMS 0x0000000080800000, 0x0000000080700000| Untracked 
|   8|0x0000000080800000, 0x0000000080900000, 0x0000000080900000|100%| O|  |TAMS 0x0000000080900000, 0x0000000080800000| Untracked 
|   9|0x0000000080900000, 0x0000000080a00000, 0x0000000080a00000|100%| O|  |TAMS 0x0000000080a00000, 0x0000000080900000| Untracked 
|  10|0x0000000080a00000, 0x0000000080af8000, 0x0000000080b00000| 96%| O|  |TAMS 0x0000000080af8000, 0x0000000080a00000| Untracked 
|  11|0x0000000080b00000, 0x0000000080c00000, 0x0000000080c00000|100%| O|  |TAMS 0x0000000080c00000, 0x0000000080b00000| Untracked 
|  12|0x0000000080c00000, 0x0000000080d00000, 0x0000000080d00000|100%| O|  |TAMS 0x0000000080d00000, 0x0000000080c00000| Untracked 
|  13|0x0000000080d00000, 0x0000000080e00000, 0x0000000080e00000|100%| O|  |TAMS 0x0000000080e00000, 0x0000000080d00000| Untracked 
|  14|0x0000000080e00000, 0x0000000080f00000, 0x0000000080f00000|100%| O|  |TAMS 0x0000000080f00000, 0x0000000080e00000| Untracked 
|  15|0x0000000080f00000, 0x0000000081000000, 0x0000000081000000|100%| O|  |TAMS 0x0000000081000000, 0x0000000080f00000| Untracked 
|  16|0x0000000081000000, 0x0000000081100000, 0x0000000081100000|100%| O|  |TAMS 0x0000000081100000, 0x0000000081000000| Untracked 
|  17|0x0000000081100000, 0x0000000081200000, 0x0000000081200000|100%| O|  |TAMS 0x0000000081200000, 0x0000000081100000| Untracked 
|  18|0x0000000081200000, 0x0000000081300000, 0x0000000081300000|100%| O|  |TAMS 0x0000000081300000, 0x0000000081200000| Untracked 
|  19|0x0000000081300000, 0x0000000081400000, 0x0000000081400000|100%| O|  |TAMS 0x0000000081400000, 0x0000000081300000| Untracked 
|  20|0x0000000081400000, 0x0000000081500000, 0x0000000081500000|100%| O|  |TAMS 0x0000000081500000, 0x0000000081400000| Untracked 
|  21|0x0000000081500000, 0x0000000081600000, 0x0000000081600000|100%| O|  |TAMS 0x0000000081600000, 0x0000000081500000| Untracked 
|  22|0x0000000081600000, 0x0000000081700000, 0x0000000081700000|100%| O|  |TAMS 0x0000000081700000, 0x0000000081600000| Untracked 
|  23|0x0000000081700000, 0x0000000081800000, 0x0000000081800000|100%| O|  |TAMS 0x0000000081800000, 0x0000000081700000| Untracked 
|  24|0x0000000081800000, 0x0000000081900000, 0x0000000081900000|100%| O|  |TAMS 0x0000000081900000, 0x0000000081800000| Untracked 
|  25|0x0000000081900000, 0x0000000081a00000, 0x0000000081a00000|100%| O|  |TAMS 0x0000000081a00000, 0x0000000081900000| Untracked 
|  26|0x0000000081a00000, 0x0000000081b00000, 0x0000000081b00000|100%| O|  |TAMS 0x0000000081b00000, 0x0000000081a00000| Untracked 
|  27|0x0000000081b00000, 0x0000000081c00000, 0x0000000081c00000|100%| O|  |TAMS 0x0000000081c00000, 0x0000000081b00000| Untracked 
|  28|0x0000000081c00000, 0x0000000081d00000, 0x0000000081d00000|100%| O|  |TAMS 0x0000000081d00000, 0x0000000081c00000| Untracked 
|  29|0x0000000081d00000, 0x0000000081e00000, 0x0000000081e00000|100%|HS|  |TAMS 0x0000000081e00000, 0x0000000081d00000| Complete 
|  30|0x0000000081e00000, 0x0000000081f00000, 0x0000000081f00000|100%| O|  |TAMS 0x0000000081f00000, 0x0000000081e00000| Untracked 
|  31|0x0000000081f00000, 0x0000000082000000, 0x0000000082000000|100%| O|  |TAMS 0x0000000082000000, 0x0000000081f00000| Untracked 
|  32|0x0000000082000000, 0x0000000082100000, 0x0000000082100000|100%| O|  |TAMS 0x0000000082100000, 0x0000000082000000| Untracked 
|  33|0x0000000082100000, 0x0000000082200000, 0x0000000082200000|100%| O|  |TAMS 0x0000000082200000, 0x0000000082100000| Untracked 
|  34|0x0000000082200000, 0x0000000082300000, 0x0000000082300000|100%| O|  |TAMS 0x0000000082300000, 0x0000000082200000| Untracked 
|  35|0x0000000082300000, 0x0000000082400000, 0x0000000082400000|100%| O|  |TAMS 0x0000000082400000, 0x0000000082300000| Untracked 
|  36|0x0000000082400000, 0x0000000082500000, 0x0000000082500000|100%| O|  |TAMS 0x0000000082500000, 0x0000000082400000| Untracked 
|  37|0x0000000082500000, 0x0000000082600000, 0x0000000082600000|100%| O|  |TAMS 0x0000000082600000, 0x0000000082500000| Untracked 
|  38|0x0000000082600000, 0x0000000082700000, 0x0000000082700000|100%| O|  |TAMS 0x0000000082700000, 0x0000000082600000| Untracked 
|  39|0x0000000082700000, 0x0000000082800000, 0x0000000082800000|100%| O|  |TAMS 0x0000000082800000, 0x0000000082700000| Untracked 
|  40|0x0000000082800000, 0x0000000082900000, 0x0000000082900000|100%| O|  |TAMS 0x0000000082900000, 0x0000000082800000| Untracked 
|  41|0x0000000082900000, 0x0000000082a00000, 0x0000000082a00000|100%|HS|  |TAMS 0x0000000082a00000, 0x0000000082900000| Complete 
|  42|0x0000000082a00000, 0x0000000082b00000, 0x0000000082b00000|100%|HS|  |TAMS 0x0000000082b00000, 0x0000000082a00000| Complete 
|  43|0x0000000082b00000, 0x0000000082c00000, 0x0000000082c00000|100%|HS|  |TAMS 0x0000000082c00000, 0x0000000082b00000| Complete 
|  44|0x0000000082c00000, 0x0000000082d00000, 0x0000000082d00000|100%|HC|  |TAMS 0x0000000082d00000, 0x0000000082c00000| Complete 
|  45|0x0000000082d00000, 0x0000000082e00000, 0x0000000082e00000|100%|HS|  |TAMS 0x0000000082e00000, 0x0000000082d00000| Complete 
|  46|0x0000000082e00000, 0x0000000082f00000, 0x0000000082f00000|100%|HC|  |TAMS 0x0000000082f00000, 0x0000000082e00000| Complete 
|  47|0x0000000082f00000, 0x0000000083000000, 0x0000000083000000|100%|HS|  |TAMS 0x0000000083000000, 0x0000000082f00000| Complete 
|  48|0x0000000083000000, 0x0000000083100000, 0x0000000083100000|100%|HS|  |TAMS 0x0000000083100000, 0x0000000083000000| Complete 
|  49|0x0000000083100000, 0x0000000083200000, 0x0000000083200000|100%|HC|  |TAMS 0x0000000083200000, 0x0000000083100000| Complete 
|  50|0x0000000083200000, 0x0000000083300000, 0x0000000083300000|100%|HC|  |TAMS 0x0000000083300000, 0x0000000083200000| Complete 
|  51|0x0000000083300000, 0x0000000083400000, 0x0000000083400000|100%|HC|  |TAMS 0x0000000083400000, 0x0000000083300000| Complete 
|  52|0x0000000083400000, 0x0000000083500000, 0x0000000083500000|100%|HS|  |TAMS 0x0000000083500000, 0x0000000083400000| Complete 
|  53|0x0000000083500000, 0x0000000083600000, 0x0000000083600000|100%| O|  |TAMS 0x0000000083600000, 0x0000000083500000| Untracked 
|  54|0x0000000083600000, 0x0000000083700000, 0x0000000083700000|100%|HS|  |TAMS 0x0000000083700000, 0x0000000083600000| Complete 
|  55|0x0000000083700000, 0x0000000083800000, 0x0000000083800000|100%| O|  |TAMS 0x0000000083800000, 0x0000000083700000| Untracked 
|  56|0x0000000083800000, 0x0000000083900000, 0x0000000083900000|100%| O|  |TAMS 0x0000000083900000, 0x0000000083800000| Untracked 
|  57|0x0000000083900000, 0x0000000083a00000, 0x0000000083a00000|100%| O|  |TAMS 0x0000000083a00000, 0x0000000083900000| Untracked 
|  58|0x0000000083a00000, 0x0000000083b00000, 0x0000000083b00000|100%| O|  |TAMS 0x0000000083b00000, 0x0000000083a00000| Untracked 
|  59|0x0000000083b00000, 0x0000000083c00000, 0x0000000083c00000|100%| O|  |TAMS 0x0000000083c00000, 0x0000000083b00000| Untracked 
|  60|0x0000000083c00000, 0x0000000083d00000, 0x0000000083d00000|100%| O|  |TAMS 0x0000000083d00000, 0x0000000083c00000| Untracked 
|  61|0x0000000083d00000, 0x0000000083e00000, 0x0000000083e00000|100%| O|  |TAMS 0x0000000083e00000, 0x0000000083d00000| Untracked 
|  62|0x0000000083e00000, 0x0000000083f00000, 0x0000000083f00000|100%| O|  |TAMS 0x0000000083f00000, 0x0000000083e00000| Untracked 
|  63|0x0000000083f00000, 0x0000000084000000, 0x0000000084000000|100%| O|  |TAMS 0x0000000084000000, 0x0000000083f00000| Untracked 
|  64|0x0000000084000000, 0x0000000084100000, 0x0000000084100000|100%| O|  |TAMS 0x0000000084100000, 0x0000000084000000| Untracked 
|  65|0x0000000084100000, 0x0000000084200000, 0x0000000084200000|100%| O|  |TAMS 0x0000000084200000, 0x0000000084100000| Untracked 
|  66|0x0000000084200000, 0x0000000084300000, 0x0000000084300000|100%|HS|  |TAMS 0x0000000084300000, 0x0000000084200000| Complete 
|  67|0x0000000084300000, 0x00000000843f9600, 0x0000000084400000| 97%| O|  |TAMS 0x00000000843f9600, 0x0000000084300000| Untracked 
|  68|0x0000000084400000, 0x0000000084400000, 0x0000000084500000|  0%| F|  |TAMS 0x0000000084400000, 0x0000000084400000| Untracked 
|  69|0x0000000084500000, 0x0000000084500000, 0x0000000084600000|  0%| F|  |TAMS 0x0000000084500000, 0x0000000084500000| Untracked 
|  70|0x0000000084600000, 0x0000000084600000, 0x0000000084700000|  0%| F|  |TAMS 0x0000000084600000, 0x0000000084600000| Untracked 
|  71|0x0000000084700000, 0x0000000084700000, 0x0000000084800000|  0%| F|  |TAMS 0x0000000084700000, 0x0000000084700000| Untracked 
|  72|0x0000000084800000, 0x0000000084800000, 0x0000000084900000|  0%| F|  |TAMS 0x0000000084800000, 0x0000000084800000| Untracked 
|  73|0x0000000084900000, 0x0000000084900000, 0x0000000084a00000|  0%| F|  |TAMS 0x0000000084900000, 0x0000000084900000| Untracked 
|  74|0x0000000084a00000, 0x0000000084a00000, 0x0000000084b00000|  0%| F|  |TAMS 0x0000000084a00000, 0x0000000084a00000| Untracked 
|  75|0x0000000084b00000, 0x0000000084b00000, 0x0000000084c00000|  0%| F|  |TAMS 0x0000000084b00000, 0x0000000084b00000| Untracked 
|  76|0x0000000084c00000, 0x0000000084c00000, 0x0000000084d00000|  0%| F|  |TAMS 0x0000000084c00000, 0x0000000084c00000| Untracked 
|  77|0x0000000084d00000, 0x0000000084d00000, 0x0000000084e00000|  0%| F|  |TAMS 0x0000000084d00000, 0x0000000084d00000| Untracked 
|  78|0x0000000084e00000, 0x0000000084e00000, 0x0000000084f00000|  0%| F|  |TAMS 0x0000000084e00000, 0x0000000084e00000| Untracked 
|  79|0x0000000084f00000, 0x0000000084f00000, 0x0000000085000000|  0%| F|  |TAMS 0x0000000084f00000, 0x0000000084f00000| Untracked 
|  80|0x0000000085000000, 0x0000000085000000, 0x0000000085100000|  0%| F|  |TAMS 0x0000000085000000, 0x0000000085000000| Untracked 
|  81|0x0000000085100000, 0x0000000085100000, 0x0000000085200000|  0%| F|  |TAMS 0x0000000085100000, 0x0000000085100000| Untracked 
|  82|0x0000000085200000, 0x0000000085200000, 0x0000000085300000|  0%| F|  |TAMS 0x0000000085200000, 0x0000000085200000| Untracked 
|  83|0x0000000085300000, 0x0000000085300000, 0x0000000085400000|  0%| F|  |TAMS 0x0000000085300000, 0x0000000085300000| Untracked 
|  84|0x0000000085400000, 0x0000000085400000, 0x0000000085500000|  0%| F|  |TAMS 0x0000000085400000, 0x0000000085400000| Untracked 
|  85|0x0000000085500000, 0x0000000085500000, 0x0000000085600000|  0%| F|  |TAMS 0x0000000085500000, 0x0000000085500000| Untracked 
|  86|0x0000000085600000, 0x0000000085600000, 0x0000000085700000|  0%| F|  |TAMS 0x0000000085600000, 0x0000000085600000| Untracked 
|  87|0x0000000085700000, 0x0000000085700000, 0x0000000085800000|  0%| F|  |TAMS 0x0000000085700000, 0x0000000085700000| Untracked 
|  88|0x0000000085800000, 0x0000000085800000, 0x0000000085900000|  0%| F|  |TAMS 0x0000000085800000, 0x0000000085800000| Untracked 
|  89|0x0000000085900000, 0x0000000085900000, 0x0000000085a00000|  0%| F|  |TAMS 0x0000000085900000, 0x0000000085900000| Untracked 
|  90|0x0000000085a00000, 0x0000000085a00000, 0x0000000085b00000|  0%| F|  |TAMS 0x0000000085a00000, 0x0000000085a00000| Untracked 
|  91|0x0000000085b00000, 0x0000000085b00000, 0x0000000085c00000|  0%| F|  |TAMS 0x0000000085b00000, 0x0000000085b00000| Untracked 
|  92|0x0000000085c00000, 0x0000000085ca7850, 0x0000000085d00000| 65%| S|CS|TAMS 0x0000000085c00000, 0x0000000085c00000| Complete 
|  93|0x0000000085d00000, 0x0000000085e00000, 0x0000000085e00000|100%| S|CS|TAMS 0x0000000085d00000, 0x0000000085d00000| Complete 
|  94|0x0000000085e00000, 0x0000000085e00000, 0x0000000085f00000|  0%| F|  |TAMS 0x0000000085e00000, 0x0000000085e00000| Untracked 
|  95|0x0000000085f00000, 0x0000000085f00000, 0x0000000086000000|  0%| F|  |TAMS 0x0000000085f00000, 0x0000000085f00000| Untracked 
|  96|0x0000000086000000, 0x0000000086000000, 0x0000000086100000|  0%| F|  |TAMS 0x0000000086000000, 0x0000000086000000| Untracked 
|  97|0x0000000086100000, 0x0000000086100000, 0x0000000086200000|  0%| F|  |TAMS 0x0000000086100000, 0x0000000086100000| Untracked 
|  98|0x0000000086200000, 0x0000000086200000, 0x0000000086300000|  0%| F|  |TAMS 0x0000000086200000, 0x0000000086200000| Untracked 
|  99|0x0000000086300000, 0x0000000086300000, 0x0000000086400000|  0%| F|  |TAMS 0x0000000086300000, 0x0000000086300000| Untracked 
| 100|0x0000000086400000, 0x0000000086400000, 0x0000000086500000|  0%| F|  |TAMS 0x0000000086400000, 0x0000000086400000| Untracked 
| 101|0x0000000086500000, 0x0000000086500000, 0x0000000086600000|  0%| F|  |TAMS 0x0000000086500000, 0x0000000086500000| Untracked 
| 102|0x0000000086600000, 0x0000000086600000, 0x0000000086700000|  0%| F|  |TAMS 0x0000000086600000, 0x0000000086600000| Untracked 
| 103|0x0000000086700000, 0x0000000086700000, 0x0000000086800000|  0%| F|  |TAMS 0x0000000086700000, 0x0000000086700000| Untracked 
| 104|0x0000000086800000, 0x0000000086800000, 0x0000000086900000|  0%| F|  |TAMS 0x0000000086800000, 0x0000000086800000| Untracked 
| 105|0x0000000086900000, 0x0000000086900000, 0x0000000086a00000|  0%| F|  |TAMS 0x0000000086900000, 0x0000000086900000| Untracked 
| 106|0x0000000086a00000, 0x0000000086a00000, 0x0000000086b00000|  0%| F|  |TAMS 0x0000000086a00000, 0x0000000086a00000| Untracked 
| 107|0x0000000086b00000, 0x0000000086b00000, 0x0000000086c00000|  0%| F|  |TAMS 0x0000000086b00000, 0x0000000086b00000| Untracked 
| 108|0x0000000086c00000, 0x0000000086c00000, 0x0000000086d00000|  0%| F|  |TAMS 0x0000000086c00000, 0x0000000086c00000| Untracked 
| 109|0x0000000086d00000, 0x0000000086d00000, 0x0000000086e00000|  0%| F|  |TAMS 0x0000000086d00000, 0x0000000086d00000| Untracked 
| 110|0x0000000086e00000, 0x0000000086e00000, 0x0000000086f00000|  0%| F|  |TAMS 0x0000000086e00000, 0x0000000086e00000| Untracked 
| 111|0x0000000086f00000, 0x0000000086f00000, 0x0000000087000000|  0%| F|  |TAMS 0x0000000086f00000, 0x0000000086f00000| Untracked 
| 112|0x0000000087000000, 0x0000000087000000, 0x0000000087100000|  0%| F|  |TAMS 0x0000000087000000, 0x0000000087000000| Untracked 
| 113|0x0000000087100000, 0x0000000087100000, 0x0000000087200000|  0%| F|  |TAMS 0x0000000087100000, 0x0000000087100000| Untracked 
| 114|0x0000000087200000, 0x0000000087200000, 0x0000000087300000|  0%| F|  |TAMS 0x0000000087200000, 0x0000000087200000| Untracked 
| 198|0x000000008c600000, 0x000000008c600000, 0x000000008c700000|  0%| F|  |TAMS 0x000000008c600000, 0x000000008c600000| Untracked 
| 199|0x000000008c700000, 0x000000008c700000, 0x000000008c800000|  0%| F|  |TAMS 0x000000008c700000, 0x000000008c700000| Untracked 
| 200|0x000000008c800000, 0x000000008c800000, 0x000000008c900000|  0%| F|  |TAMS 0x000000008c800000, 0x000000008c800000| Untracked 
| 201|0x000000008c900000, 0x000000008c900000, 0x000000008ca00000|  0%| F|  |TAMS 0x000000008c900000, 0x000000008c900000| Untracked 
| 202|0x000000008ca00000, 0x000000008cb00000, 0x000000008cb00000|100%| E|  |TAMS 0x000000008ca00000, 0x000000008ca00000| Complete 
| 203|0x000000008cb00000, 0x000000008cc00000, 0x000000008cc00000|100%| E|CS|TAMS 0x000000008cb00000, 0x000000008cb00000| Complete 
| 204|0x000000008cc00000, 0x000000008cd00000, 0x000000008cd00000|100%| E|CS|TAMS 0x000000008cc00000, 0x000000008cc00000| Complete 
| 205|0x000000008cd00000, 0x000000008ce00000, 0x000000008ce00000|100%| E|CS|TAMS 0x000000008cd00000, 0x000000008cd00000| Complete 
| 206|0x000000008ce00000, 0x000000008cf00000, 0x000000008cf00000|100%| E|CS|TAMS 0x000000008ce00000, 0x000000008ce00000| Complete 
| 255|0x000000008ff00000, 0x0000000090000000, 0x0000000090000000|100%| E|CS|TAMS 0x000000008ff00000, 0x000000008ff00000| Complete 

Card table byte_map: [0x0000029947610000,0x0000029947a10000] _byte_map_base: 0x0000029947210000

Marking Bits (Prev, Next): (CMBitMap*) 0x0000029934d8b4e0, (CMBitMap*) 0x0000029934d8b520
 Prev Bits: [0x0000029947e10000, 0x0000029949e10000)
 Next Bits: [0x0000029949e10000, 0x000002994be10000)

Polling page: 0x0000029932b30000

Metaspace:

Usage:
  Non-class:     59.28 MB used.
      Class:      9.29 MB used.
       Both:     68.57 MB used.

Virtual space:
  Non-class space:       64.00 MB reserved,      59.56 MB ( 93%) committed,  1 nodes.
      Class space:        1.00 GB reserved,       9.56 MB ( <1%) committed,  1 nodes.
             Both:        1.06 GB reserved,      69.12 MB (  6%) committed. 

Chunk freelists:
   Non-Class:  3.80 MB
       Class:  6.25 MB
        Both:  10.05 MB

MaxMetaspaceSize: unlimited
CompressedClassSpaceSize: 1.00 GB
Initial GC threshold: 21.00 MB
Current GC threshold: 114.94 MB
CDS: off
MetaspaceReclaimPolicy: balanced
 - commit_granule_bytes: 65536.
 - commit_granule_words: 8192.
 - virtual_space_node_default_size: 8388608.
 - enlarge_chunks_in_place: 1.
 - new_chunks_are_fully_committed: 0.
 - uncommit_free_chunks: 1.
 - use_allocation_guard: 0.
 - handle_deallocations: 1.


Internal statistics:

num_allocs_failed_limit: 9.
num_arena_births: 780.
num_arena_deaths: 0.
num_vsnodes_births: 2.
num_vsnodes_deaths: 0.
num_space_committed: 1106.
num_space_uncommitted: 0.
num_chunks_returned_to_freelist: 9.
num_chunks_taken_from_freelist: 3248.
num_chunk_merges: 9.
num_chunk_splits: 2133.
num_chunks_enlarged: 1416.
num_inconsistent_stats: 0.

CodeHeap 'non-profiled nmethods': size=120000Kb used=3966Kb max_used=3966Kb free=116033Kb
 bounds [0x000002993fce0000, 0x00000299400c0000, 0x0000029947210000]
CodeHeap 'profiled nmethods': size=120000Kb used=13241Kb max_used=13241Kb free=106758Kb
 bounds [0x0000029938210000, 0x0000029938f00000, 0x000002993f740000]
CodeHeap 'non-nmethods': size=5760Kb used=1650Kb max_used=1715Kb free=4109Kb
 bounds [0x000002993f740000, 0x000002993f9b0000, 0x000002993fce0000]
 total_blobs=7722 nmethods=6991 adapters=643
 compilation: enabled
              stopped_count=0, restarted_count=0
 full_count=0

Compilation events (20 events):
Event: 10.953 Thread 0x000002994e562090 nmethod 7752 0x0000029938ef2a10 code [0x0000029938ef30e0, 0x0000029938ef58e8]
Event: 10.954 Thread 0x0000029957648010 nmethod 7709 0x00000299400ba710 code [0x00000299400ba880, 0x00000299400bab38]
Event: 10.954 Thread 0x0000029957648010 7721       4       org.gradle.internal.instantiation.generator.AsmBackedClassGenerator$ClassBuilderImpl::access$2600 (4 bytes)
Event: 10.954 Thread 0x0000029957648010 nmethod 7721 0x00000299400bac90 code [0x00000299400bae00, 0x00000299400bae58]
Event: 10.955 Thread 0x000002994e562090 7753       3       com.google.common.collect.AbstractSetMultimap::<init> (6 bytes)
Event: 10.955 Thread 0x000002994e562090 nmethod 7753 0x0000029938ef6c10 code [0x0000029938ef6de0, 0x0000029938ef7278]
Event: 10.982 Thread 0x000002994e562090 7754       3       org.gradle.internal.instantiation.generator.AbstractClassGenerator$ExtensibleTypePropertyHandler::applyTo (273 bytes)
Event: 10.983 Thread 0x0000029957648010 7755       4       org.objectweb.asm.Type::getMethodDescriptor (66 bytes)
Event: 10.984 Thread 0x000002994e562090 nmethod 7754 0x0000029938ef7410 code [0x0000029938ef7800, 0x0000029938ef96c8]
Event: 10.994 Thread 0x000002994e562090 7758       3       com.google.common.collect.Ordering::from (23 bytes)
Event: 10.994 Thread 0x000002994e562090 nmethod 7758 0x0000029938efa010 code [0x0000029938efa200, 0x0000029938efa968]
Event: 10.995 Thread 0x000002994e562090 7759       3       com.google.common.collect.ComparatorOrdering::<init> (16 bytes)
Event: 10.995 Thread 0x000002994e562090 nmethod 7759 0x0000029938efab10 code [0x0000029938eface0, 0x0000029938efb168]
Event: 10.998 Thread 0x0000029957648010 nmethod 7755 0x00000299400baf90 code [0x00000299400bb1a0, 0x00000299400bc2d0]
Event: 10.998 Thread 0x0000029957648010 7757       4       org.objectweb.asm.MethodVisitor::visitInsn (16 bytes)
Event: 11.007 Thread 0x000002994e562090 7760       3       kotlin.jvm.internal.Lambda::<init> (10 bytes)
Event: 11.007 Thread 0x000002994e562090 nmethod 7760 0x0000029938efb310 code [0x0000029938efb4a0, 0x0000029938efb618]
Event: 11.010 Thread 0x0000029957648010 nmethod 7757 0x00000299400bcb10 code [0x00000299400bcce0, 0x00000299400bd678]
Event: 11.010 Thread 0x0000029957648010 7756       4       org.gradle.model.internal.asm.ClassVisitorScope::publicMethod (11 bytes)
Event: 11.011 Thread 0x0000029957648010 nmethod 7756 0x00000299400bdc10 code [0x00000299400bddc0, 0x00000299400bdf98]

GC Heap History (20 events):
Event: 7.240 GC heap before
{Heap before GC invocations=19 (full 0):
 garbage-first heap   total 87040K, used 53483K [0x0000000080000000, 0x0000000100000000)
  region size 1024K, 7 young (7168K), 1 survivors (1024K)
 Metaspace       used 57326K, committed 57920K, reserved 1114112K
  class space    used 7834K, committed 8128K, reserved 1048576K
}
Event: 7.241 GC heap after
{Heap after GC invocations=20 (full 0):
 garbage-first heap   total 87040K, used 49630K [0x0000000080000000, 0x0000000100000000)
  region size 1024K, 2 young (2048K), 2 survivors (2048K)
 Metaspace       used 57326K, committed 57920K, reserved 1114112K
  class space    used 7834K, committed 8128K, reserved 1048576K
}
Event: 7.406 GC heap before
{Heap before GC invocations=21 (full 0):
 garbage-first heap   total 106496K, used 71134K [0x0000000080000000, 0x0000000100000000)
  region size 1024K, 16 young (16384K), 2 survivors (2048K)
 Metaspace       used 57913K, committed 58496K, reserved 1114112K
  class space    used 7933K, committed 8192K, reserved 1048576K
}
Event: 7.409 GC heap after
{Heap after GC invocations=22 (full 0):
 garbage-first heap   total 106496K, used 61449K [0x0000000080000000, 0x0000000100000000)
  region size 1024K, 2 young (2048K), 2 survivors (2048K)
 Metaspace       used 57913K, committed 58496K, reserved 1114112K
  class space    used 7933K, committed 8192K, reserved 1048576K
}
Event: 7.448 GC heap before
{Heap before GC invocations=22 (full 0):
 garbage-first heap   total 106496K, used 63497K [0x0000000080000000, 0x0000000100000000)
  region size 1024K, 5 young (5120K), 2 survivors (2048K)
 Metaspace       used 58117K, committed 58688K, reserved 1114112K
  class space    used 7945K, committed 8192K, reserved 1048576K
}
Event: 7.449 GC heap after
{Heap after GC invocations=23 (full 0):
 garbage-first heap   total 106496K, used 61319K [0x0000000080000000, 0x0000000100000000)
  region size 1024K, 1 young (1024K), 1 survivors (1024K)
 Metaspace       used 58117K, committed 58688K, reserved 1114112K
  class space    used 7945K, committed 8192K, reserved 1048576K
}
Event: 7.508 GC heap before
{Heap before GC invocations=23 (full 0):
 garbage-first heap   total 106496K, used 67463K [0x0000000080000000, 0x0000000100000000)
  region size 1024K, 8 young (8192K), 1 survivors (1024K)
 Metaspace       used 58543K, committed 59136K, reserved 1114112K
  class space    used 7992K, committed 8256K, reserved 1048576K
}
Event: 7.509 GC heap after
{Heap after GC invocations=24 (full 0):
 garbage-first heap   total 128000K, used 61781K [0x0000000080000000, 0x0000000100000000)
  region size 1024K, 1 young (1024K), 1 survivors (1024K)
 Metaspace       used 58543K, committed 59136K, reserved 1114112K
  class space    used 7992K, committed 8256K, reserved 1048576K
}
Event: 8.062 GC heap before
{Heap before GC invocations=25 (full 0):
 garbage-first heap   total 128000K, used 91477K [0x0000000080000000, 0x0000000100000000)
  region size 1024K, 30 young (30720K), 1 survivors (1024K)
 Metaspace       used 60935K, committed 61504K, reserved 1114112K
  class space    used 8311K, committed 8576K, reserved 1048576K
}
Event: 8.064 GC heap after
{Heap after GC invocations=26 (full 0):
 garbage-first heap   total 128000K, used 63872K [0x0000000080000000, 0x0000000100000000)
  region size 1024K, 2 young (2048K), 2 survivors (2048K)
 Metaspace       used 60935K, committed 61504K, reserved 1114112K
  class space    used 8311K, committed 8576K, reserved 1048576K
}
Event: 8.243 GC heap before
{Heap before GC invocations=26 (full 0):
 garbage-first heap   total 128000K, used 67968K [0x0000000080000000, 0x0000000100000000)
  region size 1024K, 6 young (6144K), 2 survivors (2048K)
 Metaspace       used 61290K, committed 61888K, reserved 1114112K
  class space    used 8358K, committed 8640K, reserved 1048576K
}
Event: 8.245 GC heap after
{Heap after GC invocations=27 (full 0):
 garbage-first heap   total 128000K, used 63276K [0x0000000080000000, 0x0000000100000000)
  region size 1024K, 1 young (1024K), 1 survivors (1024K)
 Metaspace       used 61290K, committed 61888K, reserved 1114112K
  class space    used 8358K, committed 8640K, reserved 1048576K
}
Event: 9.465 GC heap before
{Heap before GC invocations=27 (full 0):
 garbage-first heap   total 128000K, used 93996K [0x0000000080000000, 0x0000000100000000)
  region size 1024K, 31 young (31744K), 1 survivors (1024K)
 Metaspace       used 64539K, committed 65088K, reserved 1114112K
  class space    used 8749K, committed 9024K, reserved 1048576K
}
Event: 9.467 GC heap after
{Heap after GC invocations=28 (full 0):
 garbage-first heap   total 128000K, used 63935K [0x0000000080000000, 0x0000000100000000)
  region size 1024K, 1 young (1024K), 1 survivors (1024K)
 Metaspace       used 64539K, committed 65088K, reserved 1114112K
  class space    used 8749K, committed 9024K, reserved 1048576K
}
Event: 10.231 GC heap before
{Heap before GC invocations=29 (full 0):
 garbage-first heap   total 128000K, used 102847K [0x0000000080000000, 0x0000000100000000)
  region size 1024K, 34 young (34816K), 1 survivors (1024K)
 Metaspace       used 67460K, committed 68096K, reserved 1114112K
  class space    used 9164K, committed 9472K, reserved 1048576K
}
Event: 10.238 GC heap after
{Heap after GC invocations=30 (full 0):
 garbage-first heap   total 128000K, used 68972K [0x0000000080000000, 0x0000000100000000)
  region size 1024K, 5 young (5120K), 5 survivors (5120K)
 Metaspace       used 67460K, committed 68096K, reserved 1114112K
  class space    used 9164K, committed 9472K, reserved 1048576K
}
Event: 10.250 GC heap before
{Heap before GC invocations=30 (full 0):
 garbage-first heap   total 128000K, used 69996K [0x0000000080000000, 0x0000000100000000)
  region size 1024K, 6 young (6144K), 5 survivors (5120K)
 Metaspace       used 67514K, committed 68096K, reserved 1114112K
  class space    used 9179K, committed 9472K, reserved 1048576K
}
Event: 10.255 GC heap after
{Heap after GC invocations=31 (full 0):
 garbage-first heap   total 128000K, used 69077K [0x0000000080000000, 0x0000000100000000)
  region size 1024K, 1 young (1024K), 1 survivors (1024K)
 Metaspace       used 67514K, committed 68096K, reserved 1114112K
  class space    used 9179K, committed 9472K, reserved 1048576K
}
Event: 10.920 GC heap before
{Heap before GC invocations=31 (full 0):
 garbage-first heap   total 128000K, used 99797K [0x0000000080000000, 0x0000000100000000)
  region size 1024K, 31 young (31744K), 1 survivors (1024K)
 Metaspace       used 69832K, committed 70464K, reserved 1114112K
  class space    used 9469K, committed 9792K, reserved 1048576K
}
Event: 10.922 GC heap after
{Heap after GC invocations=32 (full 0):
 garbage-first heap   total 128000K, used 70243K [0x0000000080000000, 0x0000000100000000)
  region size 1024K, 2 young (2048K), 2 survivors (2048K)
 Metaspace       used 69832K, committed 70464K, reserved 1114112K
  class space    used 9469K, committed 9792K, reserved 1048576K
}

Dll operation events (3 events):
Event: 0.009 Loaded shared library C:\Program Files\Android\Android Studio\jbr\bin\java.dll
Event: 0.324 Loaded shared library C:\Program Files\Android\Android Studio\jbr\bin\zip.dll
Event: 0.624 Loaded shared library C:\Program Files\Android\Android Studio\jbr\bin\verify.dll

Deoptimization events (20 events):
Event: 10.371 Thread 0x0000029954e15720 Uncommon trap: trap_request=0xffffffc6 fr.pc=0x000002993fd42134 relative=0x00000000000027b4
Event: 10.371 Thread 0x0000029954e15720 Uncommon trap: reason=bimorphic_or_optimized_type_check action=maybe_recompile pc=0x000002993fd42134 method=java.util.HashMap.putVal(ILjava/lang/Object;Ljava/lang/Object;ZZ)Ljava/lang/Object; @ 91 c2
Event: 10.371 Thread 0x0000029954e15720 DEOPT PACKING pc=0x000002993fd42134 sp=0x0000009a5c0f6d60
Event: 10.371 Thread 0x0000029954e15720 DEOPT UNPACKING pc=0x000002993f7969a3 sp=0x0000009a5c0f6c38 mode 2
Event: 10.408 Thread 0x0000029954e15720 Uncommon trap: trap_request=0xffffffc6 fr.pc=0x000002993ff08ea0 relative=0x0000000000000060
Event: 10.408 Thread 0x0000029954e15720 Uncommon trap: reason=bimorphic_or_optimized_type_check action=maybe_recompile pc=0x000002993ff08ea0 method=java.util.AbstractQueue.add(Ljava/lang/Object;)Z @ 2 c2
Event: 10.408 Thread 0x0000029954e15720 DEOPT PACKING pc=0x000002993ff08ea0 sp=0x0000009a5c0f7040
Event: 10.408 Thread 0x0000029954e15720 DEOPT UNPACKING pc=0x000002993f7969a3 sp=0x0000009a5c0f7008 mode 2
Event: 10.408 Thread 0x0000029954e15720 Uncommon trap: trap_request=0xffffffc6 fr.pc=0x000002993ff08ea0 relative=0x0000000000000060
Event: 10.408 Thread 0x0000029954e15720 Uncommon trap: reason=bimorphic_or_optimized_type_check action=maybe_recompile pc=0x000002993ff08ea0 method=java.util.AbstractQueue.add(Ljava/lang/Object;)Z @ 2 c2
Event: 10.408 Thread 0x0000029954e15720 DEOPT PACKING pc=0x000002993ff08ea0 sp=0x0000009a5c0f7040
Event: 10.408 Thread 0x0000029954e15720 DEOPT UNPACKING pc=0x000002993f7969a3 sp=0x0000009a5c0f7008 mode 2
Event: 10.531 Thread 0x0000029954e15720 Uncommon trap: trap_request=0xffffffc6 fr.pc=0x000002993ff08ea0 relative=0x0000000000000060
Event: 10.531 Thread 0x0000029954e15720 Uncommon trap: reason=bimorphic_or_optimized_type_check action=maybe_recompile pc=0x000002993ff08ea0 method=java.util.AbstractQueue.add(Ljava/lang/Object;)Z @ 2 c2
Event: 10.531 Thread 0x0000029954e15720 DEOPT PACKING pc=0x000002993ff08ea0 sp=0x0000009a5c0f62f0
Event: 10.531 Thread 0x0000029954e15720 DEOPT UNPACKING pc=0x000002993f7969a3 sp=0x0000009a5c0f62b8 mode 2
Event: 10.531 Thread 0x0000029954e15720 Uncommon trap: trap_request=0xffffffc6 fr.pc=0x000002993ff08ea0 relative=0x0000000000000060
Event: 10.531 Thread 0x0000029954e15720 Uncommon trap: reason=bimorphic_or_optimized_type_check action=maybe_recompile pc=0x000002993ff08ea0 method=java.util.AbstractQueue.add(Ljava/lang/Object;)Z @ 2 c2
Event: 10.531 Thread 0x0000029954e15720 DEOPT PACKING pc=0x000002993ff08ea0 sp=0x0000009a5c0f62f0
Event: 10.531 Thread 0x0000029954e15720 DEOPT UNPACKING pc=0x000002993f7969a3 sp=0x0000009a5c0f62b8 mode 2

Classes unloaded (0 events):
No events

Classes redefined (0 events):
No events

Internal exceptions (20 events):
Event: 6.747 Thread 0x0000029954e15720 Exception <a 'java/lang/NoSuchMethodError'{0x0000000083ac20b0}: 'java.lang.Object java.lang.invoke.Invokers$Holder.linkToTargetMethod(java.lang.Object, java.lang.Object, java.lang.Object, int, java.lang.Object, java.lang.Object)'> (0x0000000083ac20b0) 
thrown [s\src\hotspot\share\interpreter\linkResolver.cpp, line 771]
Event: 7.081 Thread 0x0000029954e15720 Exception <a 'java/lang/NoSuchMethodError'{0x0000000083c0ce18}: 'long java.lang.invoke.DirectMethodHandle$Holder.invokeVirtual(java.lang.Object, java.lang.Object)'> (0x0000000083c0ce18) 
thrown [s\src\hotspot\share\interpreter\linkResolver.cpp, line 771]
Event: 7.084 Thread 0x00000299550333b0 Exception <a 'java/lang/NoSuchMethodError'{0x0000000083c84418}: static Lorg/gradle/internal/build/event/types/DefaultOperationFinishedProgressEvent;.<clinit>()V> (0x0000000083c84418) 
thrown [s\src\hotspot\share\prims\jni.cpp, line 1127]
Event: 7.086 Thread 0x00000299550333b0 Exception <a 'java/lang/NoSuchMethodError'{0x0000000083cac650}: static Lorg/gradle/internal/build/event/types/DefaultProjectConfigurationSuccessResult;.<clinit>()V> (0x0000000083cac650) 
thrown [s\src\hotspot\share\prims\jni.cpp, line 1127]
Event: 7.087 Thread 0x00000299550333b0 Exception <a 'java/lang/NoSuchMethodError'{0x0000000083cb0e50}: static Lorg/gradle/internal/build/event/types/AbstractProjectConfigurationResult;.<clinit>()V> (0x0000000083cb0e50) 
thrown [s\src\hotspot\share\prims\jni.cpp, line 1127]
Event: 7.087 Thread 0x00000299550333b0 Exception <a 'java/lang/NoSuchMethodError'{0x0000000083cb2598}: static Lorg/gradle/internal/build/event/types/AbstractOperationResult;.<clinit>()V> (0x0000000083cb2598) 
thrown [s\src\hotspot\share\prims\jni.cpp, line 1127]
Event: 7.087 Thread 0x00000299550333b0 Exception <a 'java/lang/NoSuchMethodError'{0x0000000083cb37c8}: static Lorg/gradle/internal/build/event/types/AbstractResult;.<clinit>()V> (0x0000000083cb37c8) 
thrown [s\src\hotspot\share\prims\jni.cpp, line 1127]
Event: 7.088 Thread 0x00000299550333b0 Exception <a 'java/lang/NoSuchMethodError'{0x0000000083ccac40}: static Lorg/gradle/internal/build/event/types/DefaultPluginApplicationResult;.<clinit>()V> (0x0000000083ccac40) 
thrown [s\src\hotspot\share\prims\jni.cpp, line 1127]
Event: 7.088 Thread 0x00000299550333b0 Exception <a 'java/lang/NoSuchMethodError'{0x0000000083cd6f58}: static Lorg/gradle/internal/build/event/types/DefaultBinaryPluginIdentifier;.<clinit>()V> (0x0000000083cd6f58) 
thrown [s\src\hotspot\share\prims\jni.cpp, line 1127]
Event: 7.090 Thread 0x00000299550333b0 Exception <a 'java/lang/NoSuchMethodError'{0x0000000083b172d8}: static Lorg/gradle/internal/build/event/types/DefaultScriptPluginIdentifier;.<clinit>()V> (0x0000000083b172d8) 
thrown [s\src\hotspot\share\prims\jni.cpp, line 1127]
Event: 7.142 Thread 0x0000029954e15720 Implicit null exception at 0x000002993fffc792 to 0x000002993fffce34
Event: 7.142 Thread 0x0000029954e15720 Implicit null exception at 0x000002993fffd714 to 0x000002993fffddb8
Event: 7.210 Thread 0x0000029954e15720 Exception <a 'java/lang/NoSuchMethodError'{0x000000008cc7f478}: 'void java.lang.invoke.Invokers$Holder.invoke_MT(java.lang.Object, java.lang.Object, java.lang.Object, java.lang.Object)'> (0x000000008cc7f478) 
thrown [s\src\hotspot\share\interpreter\linkResolver.cpp, line 771]
Event: 7.216 Thread 0x0000029954e15720 Exception <a 'java/lang/NoSuchMethodError'{0x000000008ccfd640}: 'java.lang.Object java.lang.invoke.DirectMethodHandle$Holder.invokeSpecial(java.lang.Object, java.lang.Object, java.lang.Object, int, java.lang.Object, java.lang.Object)'> (0x000000008ccfd640) 
thrown [s\src\hotspot\share\interpreter\linkResolver.cpp, line 771]
Event: 7.312 Thread 0x0000029954e15720 Exception <a 'java/lang/ClassNotFoundException'{0x000000008c9c70d0}: sun/misc/SharedSecrets> (0x000000008c9c70d0) 
thrown [s\src\hotspot\share\classfile\systemDictionary.cpp, line 256]
Event: 7.312 Thread 0x0000029954e15720 Exception <a 'java/lang/ClassNotFoundException'{0x000000008c9c86a8}: org/gradle/api/internal/plugins/DefaultObjectConfigurationActionBeanInfo> (0x000000008c9c86a8) 
thrown [s\src\hotspot\share\classfile\systemDictionary.cpp, line 256]
Event: 7.313 Thread 0x0000029954e15720 Exception <a 'java/lang/ClassNotFoundException'{0x000000008c9deaa8}: org/gradle/api/internal/plugins/DefaultObjectConfigurationActionCustomizer> (0x000000008c9deaa8) 
thrown [s\src\hotspot\share\classfile\systemDictionary.cpp, line 256]
Event: 9.966 Thread 0x0000029954e15720 Implicit null exception at 0x000002993fec1d0c to 0x000002993fec1e42
Event: 10.074 Thread 0x0000029954e15720 Implicit null exception at 0x000002994006694a to 0x00000299400671ca
Event: 10.137 Thread 0x0000029954e15720 Exception <a 'sun/nio/fs/WindowsException'{0x0000000086046b88}> (0x0000000086046b88) 
thrown [s\src\hotspot\share\prims\jni.cpp, line 531]

VM Operations (20 events):
Event: 9.465 Executing VM operation: G1CollectForAllocation
Event: 9.467 Executing VM operation: G1CollectForAllocation done
Event: 9.525 Executing VM operation: G1PauseRemark
Event: 9.527 Executing VM operation: G1PauseRemark done
Event: 9.553 Executing VM operation: G1PauseCleanup
Event: 9.553 Executing VM operation: G1PauseCleanup done
Event: 9.936 Executing VM operation: HandshakeAllThreads
Event: 9.936 Executing VM operation: HandshakeAllThreads done
Event: 9.972 Executing VM operation: HandshakeAllThreads
Event: 9.972 Executing VM operation: HandshakeAllThreads done
Event: 10.231 Executing VM operation: G1CollectForAllocation
Event: 10.238 Executing VM operation: G1CollectForAllocation done
Event: 10.250 Executing VM operation: G1CollectForAllocation
Event: 10.255 Executing VM operation: G1CollectForAllocation done
Event: 10.616 Executing VM operation: HandshakeAllThreads
Event: 10.616 Executing VM operation: HandshakeAllThreads done
Event: 10.920 Executing VM operation: G1CollectForAllocation
Event: 10.922 Executing VM operation: G1CollectForAllocation done
Event: 10.990 Executing VM operation: G1PauseRemark
Event: 10.994 Executing VM operation: G1PauseRemark done

Events (20 events):
Event: 10.020 loading class sun/security/util/Length done
Event: 10.020 loading class javax/crypto/SecretKey
Event: 10.020 loading class javax/crypto/SecretKey done
Event: 10.020 loading class java/util/Base64
Event: 10.021 loading class java/util/Base64 done
Event: 10.021 loading class java/util/Base64$Decoder
Event: 10.021 loading class java/util/Base64$Decoder done
Event: 10.021 loading class java/util/Base64$Encoder
Event: 10.021 loading class java/util/Base64$Encoder done
Event: 10.025 loading class java/util/jar/JarVerifier$VerifierStream
Event: 10.026 loading class java/util/jar/JarVerifier$VerifierStream done
Event: 10.026 loading class sun/security/util/ManifestEntryVerifier$SunProviderHolder
Event: 10.026 loading class sun/security/util/ManifestEntryVerifier$SunProviderHolder done
Event: 10.621 Thread 0x000002994e565500 flushing nmethod 0x0000029938bd6190
Event: 10.721 Thread 0x0000029957648010 Thread exited: 0x0000029957648010
Event: 10.880 loading class java/security/KeyStore
Event: 10.880 loading class java/security/KeyStore done
Event: 10.880 loading class java/security/KeyStore$1
Event: 10.881 loading class java/security/KeyStore$1 done
Event: 10.890 Thread 0x0000029957648010 Thread added: 0x0000029957648010


Dynamic libraries:
0x00007ff758640000 - 0x00007ff75864a000 	C:\Program Files\Android\Android Studio\jbr\bin\java.exe
0x00007fff86ff0000 - 0x00007fff871e8000 	C:\Windows\SYSTEM32\ntdll.dll
0x00007fff85a60000 - 0x00007fff85b22000 	C:\Windows\System32\KERNEL32.DLL
0x00007fff84880000 - 0x00007fff84b7e000 	C:\Windows\System32\KERNELBASE.dll
0x00007fff84c30000 - 0x00007fff84d30000 	C:\Windows\System32\ucrtbase.dll
0x00007fff698b0000 - 0x00007fff698c7000 	C:\Program Files\Android\Android Studio\jbr\bin\jli.dll
0x00007fff85d20000 - 0x00007fff85ebd000 	C:\Windows\System32\USER32.dll
0x00007fff84d30000 - 0x00007fff84d52000 	C:\Windows\System32\win32u.dll
0x00007fff85780000 - 0x00007fff857ab000 	C:\Windows\System32\GDI32.dll
0x00007fff84d60000 - 0x00007fff84e77000 	C:\Windows\System32\gdi32full.dll
0x00007fff84e80000 - 0x00007fff84f1d000 	C:\Windows\System32\msvcp_win.dll
0x00007fff7fac0000 - 0x00007fff7fadb000 	C:\Program Files\Android\Android Studio\jbr\bin\VCRUNTIME140.dll
0x00007fff6c740000 - 0x00007fff6c9da000 	C:\Windows\WinSxS\amd64_microsoft.windows.common-controls_6595b64144ccf1df_6.0.19041.4355_none_60b8b9eb71f62e16\COMCTL32.dll
0x00007fff85ba0000 - 0x00007fff85c3e000 	C:\Windows\System32\msvcrt.dll
0x00007fff85860000 - 0x00007fff8588f000 	C:\Windows\System32\IMM32.DLL
0x00007fff810b0000 - 0x00007fff810bc000 	C:\Program Files\Android\Android Studio\jbr\bin\vcruntime140_1.dll
0x00007fff62c00000 - 0x00007fff62c8d000 	C:\Program Files\Android\Android Studio\jbr\bin\msvcp140.dll
0x00007fff3b720000 - 0x00007fff3c3a3000 	C:\Program Files\Android\Android Studio\jbr\bin\server\jvm.dll
0x00007fff85940000 - 0x00007fff859f2000 	C:\Windows\System32\ADVAPI32.dll
0x00007fff85890000 - 0x00007fff85930000 	C:\Windows\System32\sechost.dll
0x00007fff863e0000 - 0x00007fff86503000 	C:\Windows\System32\RPCRT4.dll
0x00007fff84f90000 - 0x00007fff84fb7000 	C:\Windows\System32\bcrypt.dll
0x00007fff84440000 - 0x00007fff8448b000 	C:\Windows\SYSTEM32\POWRPROF.dll
0x00007fff810a0000 - 0x00007fff810a9000 	C:\Windows\SYSTEM32\WSOCK32.dll
0x00007fff85b30000 - 0x00007fff85b9b000 	C:\Windows\System32\WS2_32.dll
0x00007fff73d30000 - 0x00007fff73d57000 	C:\Windows\SYSTEM32\WINMM.dll
0x00007fff7b7b0000 - 0x00007fff7b7ba000 	C:\Windows\SYSTEM32\VERSION.dll
0x00007fff84420000 - 0x00007fff84432000 	C:\Windows\SYSTEM32\UMPDC.dll
0x00007fff82ed0000 - 0x00007fff82ee2000 	C:\Windows\SYSTEM32\kernel.appcore.dll
0x00007fff7fb90000 - 0x00007fff7fb9a000 	C:\Program Files\Android\Android Studio\jbr\bin\jimage.dll
0x00007fff82cb0000 - 0x00007fff82e94000 	C:\Windows\SYSTEM32\DBGHELP.DLL
0x00007fff67cc0000 - 0x00007fff67cf4000 	C:\Windows\SYSTEM32\dbgcore.DLL
0x00007fff847f0000 - 0x00007fff84872000 	C:\Windows\System32\bcryptPrimitives.dll
0x00007fff6b2c0000 - 0x00007fff6b2ce000 	C:\Program Files\Android\Android Studio\jbr\bin\instrument.dll
0x00007fff7ce00000 - 0x00007fff7ce25000 	C:\Program Files\Android\Android Studio\jbr\bin\java.dll
0x00007fff7e6d0000 - 0x00007fff7e6e8000 	C:\Program Files\Android\Android Studio\jbr\bin\zip.dll
0x00007fff85010000 - 0x00007fff8577f000 	C:\Windows\System32\SHELL32.dll
0x00007fff82500000 - 0x00007fff82ca4000 	C:\Windows\SYSTEM32\windows.storage.dll
0x00007fff86900000 - 0x00007fff86c53000 	C:\Windows\System32\combase.dll
0x00007fff83ff0000 - 0x00007fff8401e000 	C:\Windows\SYSTEM32\Wldp.dll
0x00007fff867b0000 - 0x00007fff8687d000 	C:\Windows\System32\OLEAUT32.dll
0x00007fff857b0000 - 0x00007fff8585d000 	C:\Windows\System32\SHCORE.dll
0x00007fff85a00000 - 0x00007fff85a55000 	C:\Windows\System32\shlwapi.dll
0x00007fff845c0000 - 0x00007fff845e4000 	C:\Windows\SYSTEM32\profapi.dll
0x00007fff6bb20000 - 0x00007fff6bb39000 	C:\Program Files\Android\Android Studio\jbr\bin\net.dll
0x00007fff7c580000 - 0x00007fff7c68d000 	C:\Windows\SYSTEM32\WINHTTP.dll
0x00007fff83d50000 - 0x00007fff83dba000 	C:\Windows\system32\mswsock.dll
0x00007fff6bb00000 - 0x00007fff6bb16000 	C:\Program Files\Android\Android Studio\jbr\bin\nio.dll
0x00007fff6e5d0000 - 0x00007fff6e5e0000 	C:\Program Files\Android\Android Studio\jbr\bin\verify.dll
0x00007fff6a370000 - 0x00007fff6a397000 	C:\Users\GAMER\.gradle\native\c067742578af261105cb4f569cf0c3c89f3d7b1fecec35dd04571415982c5e48\windows-amd64\native-platform.dll
0x00007fff3c930000 - 0x00007fff3ca74000 	C:\Users\GAMER\.gradle\native\38dada09dfb8b06ba9b0570ebf7e218e3eb74d4ef43ca46872605cf95ebc2f47\windows-amd64\native-platform-file-events.dll
0x00007fff7d9a0000 - 0x00007fff7d9a9000 	C:\Program Files\Android\Android Studio\jbr\bin\management.dll
0x00007fff7d4b0000 - 0x00007fff7d4bb000 	C:\Program Files\Android\Android Studio\jbr\bin\management_ext.dll
0x00007fff86cc0000 - 0x00007fff86cc8000 	C:\Windows\System32\PSAPI.DLL
0x00007fff83f50000 - 0x00007fff83f68000 	C:\Windows\SYSTEM32\CRYPTSP.dll
0x00007fff83670000 - 0x00007fff836a4000 	C:\Windows\system32\rsaenh.dll
0x00007fff84540000 - 0x00007fff8456e000 	C:\Windows\SYSTEM32\USERENV.dll
0x00007fff83f40000 - 0x00007fff83f4c000 	C:\Windows\SYSTEM32\CRYPTBASE.dll
0x00007fff83a30000 - 0x00007fff83a6b000 	C:\Windows\SYSTEM32\IPHLPAPI.DLL
0x00007fff85930000 - 0x00007fff85938000 	C:\Windows\System32\NSI.dll
0x00007fff7d870000 - 0x00007fff7d887000 	C:\Windows\SYSTEM32\dhcpcsvc6.DLL
0x00007fff7d600000 - 0x00007fff7d61d000 	C:\Windows\SYSTEM32\dhcpcsvc.DLL
0x00007fff83a70000 - 0x00007fff83b3a000 	C:\Windows\SYSTEM32\DNSAPI.dll
0x00007fff7e710000 - 0x00007fff7e719000 	C:\Program Files\Android\Android Studio\jbr\bin\extnet.dll
0x00007fff7fb60000 - 0x00007fff7fb67000 	C:\Windows\system32\wshunix.dll

dbghelp: loaded successfully - version: 4.0.5 - missing functions: none
symbol engine: initialized successfully - sym options: 0x614 - pdb path: .;C:\Program Files\Android\Android Studio\jbr\bin;C:\Windows\SYSTEM32;C:\Windows\WinSxS\amd64_microsoft.windows.common-controls_6595b64144ccf1df_6.0.19041.4355_none_60b8b9eb71f62e16;C:\Program Files\Android\Android Studio\jbr\bin\server;C:\Users\GAMER\.gradle\native\c067742578af261105cb4f569cf0c3c89f3d7b1fecec35dd04571415982c5e48\windows-amd64;C:\Users\GAMER\.gradle\native\38dada09dfb8b06ba9b0570ebf7e218e3eb74d4ef43ca46872605cf95ebc2f47\windows-amd64

VM Arguments:
jvm_args: --add-opens=java.base/java.util=ALL-UNNAMED --add-opens=java.base/java.lang=ALL-UNNAMED --add-opens=java.base/java.lang.invoke=ALL-UNNAMED --add-opens=java.prefs/java.util.prefs=ALL-UNNAMED --add-opens=java.base/java.nio.charset=ALL-UNNAMED --add-opens=java.base/java.net=ALL-UNNAMED --add-opens=java.base/java.util.concurrent.atomic=ALL-UNNAMED -Xmx2048m -Dfile.encoding=UTF-8 -Duser.country=US -Duser.language=en -Duser.variant -javaagent:C:\Users\GAMER\.gradle\wrapper\dists\gradle-8.7-bin\bhs2wmbdwecv87pi65oeuq5iu\gradle-8.7\lib\agents\gradle-instrumentation-agent-8.7.jar 
java_command: org.gradle.launcher.daemon.bootstrap.GradleDaemon 8.7
java_class_path (initial): C:\Users\GAMER\.gradle\wrapper\dists\gradle-8.7-bin\bhs2wmbdwecv87pi65oeuq5iu\gradle-8.7\lib\gradle-launcher-8.7.jar
Launcher Type: SUN_STANDARD

[Global flags]
     intx CICompilerCount                          = 3                                         {product} {ergonomic}
     uint ConcGCThreads                            = 1                                         {product} {ergonomic}
     uint G1ConcRefinementThreads                  = 4                                         {product} {ergonomic}
   size_t G1HeapRegionSize                         = 1048576                                   {product} {ergonomic}
    uintx GCDrainStackTargetSize                   = 64                                        {product} {ergonomic}
   size_t InitialHeapSize                          = 268435456                                 {product} {ergonomic}
   size_t MarkStackSize                            = 4194304                                   {product} {ergonomic}
   size_t MaxHeapSize                              = 2147483648                                {product} {command line}
   size_t MaxNewSize                               = 1287651328                                {product} {ergonomic}
   size_t MinHeapDeltaBytes                        = 1048576                                   {product} {ergonomic}
   size_t MinHeapSize                              = 8388608                                   {product} {ergonomic}
    uintx NonNMethodCodeHeapSize                   = 5832780                                {pd product} {ergonomic}
    uintx NonProfiledCodeHeapSize                  = 122912730                              {pd product} {ergonomic}
    uintx ProfiledCodeHeapSize                     = 122912730                              {pd product} {ergonomic}
    uintx ReservedCodeCacheSize                    = 251658240                              {pd product} {ergonomic}
     bool SegmentedCodeCache                       = true                                      {product} {ergonomic}
   size_t SoftMaxHeapSize                          = 2147483648                             {manageable} {ergonomic}
     bool UseCompressedClassPointers               = true                           {product lp64_product} {ergonomic}
     bool UseCompressedOops                        = true                           {product lp64_product} {ergonomic}
     bool UseG1GC                                  = true                                      {product} {ergonomic}
     bool UseLargePagesIndividualAllocation        = false                                  {pd product} {ergonomic}

Logging:
Log output configuration:
 #0: stdout all=warning uptime,level,tags
 #1: stderr all=off uptime,level,tags

Environment Variables:
PATH=C:\Program Files\Common Files\Oracle\Java\javapath;C:\Program Files (x86)\Common Files\Oracle\Java\javapath;C:\Program Files (x86)\Common Files\Intel\Shared Files\cpp\bin\Intel64;C:\Windows\system32;C:\Windows;C:\Windows\System32\Wbem;C:\Windows\System32\WindowsPowerShell\v1.0\;C:\Windows\System32\OpenSSH\;C:\Program Files (x86)\NVIDIA Corporation\PhysX\Common;C:\WINDOWS\system32;C:\WINDOWS;C:\WINDOWS\System32\Wbem;C:\WINDOWS\System32\WindowsPowerShell\v1.0\;C:\WINDOWS\System32\OpenSSH\;C:\Program Files\dotnet\;C:\Program Files (x86)\dotnet\;C:\xampp\php;C:\ProgramData\ComposerSetup\bin;c:\Users\GAMER\AppData\Local\Programs\cursor\resources\app\bin;C:\Program Files\Cloudflare\Cloudflare WARP\;C:\Program Files\dotnet;C:\Users\GAMER\.dotnet\tools;C:\Users\GAMER\AppData\Local\Programs\Python\Python310\Scripts\;C:\Users\GAMER\AppData\Local\Programs\Python\Python310\;C:\Users\GAMER\AppData\Local\Microsoft\WindowsApps;C:\Users\GAMER\AppData\Local\Programs\Microsoft VS Code\bin;C:\MinGW\bin;C:\Users\GAMER\AppData\Local\spicetify;C:\Users\GAMER\AppData\Roaming\Composer\vendor\bin;
USERNAME=GAMER
OS=Windows_NT
PROCESSOR_IDENTIFIER=Intel64 Family 6 Model 94 Stepping 3, GenuineIntel
TMP=C:\Users\GAMER\AppData\Local\Temp
TEMP=C:\Users\GAMER\AppData\Local\Temp



Periodic native trim disabled

JNI global refs:
JNI global refs: 26, weak refs: 0

JNI global refs memory usage: 843, weak refs: 841

Process memory usage:
Resident Set Size: 314840K (1% of 16718996K total physical memory with 1458784K free physical memory)

OOME stack traces (most recent first):
Classloader memory used:
